<?xml version="1.0" encoding="UTF-8"?>
<testsuite xmlns:xsi="http://www.w3.org/2001/XMLSchema-instance" xsi:noNamespaceSchemaLocation="https://maven.apache.org/surefire/maven-surefire-plugin/xsd/surefire-test-report-3.0.xsd" version="3.0" name="TestSuite" time="43.341" tests="4" errors="0" skipped="0" failures="0">
  <properties>
    <property name="gopherProxySet" value="false"/>
    <property name="awt.toolkit" value="sun.lwawt.macosx.LWCToolkit"/>
    <property name="file.encoding.pkg" value="sun.io"/>
    <property name="java.specification.version" value="1.8"/>
    <property name="webdriver.chrome.driver" value="/Users/ssiripu4/Downloads/signalpathcucumber/lib/chromedriver"/>
    <property name="sun.cpu.isalist" value=""/>
    <property name="sun.jnu.encoding" value="UTF-8"/>
    <property name="java.class.path" value="/Users/ssiripu4/Downloads/signalpathcucumber/target/test-classes:/Users/ssiripu4/Downloads/signalpathcucumber/target/classes:/Users/ssiripu4/.m2/repository/io/cucumber/cucumber-java/6.10.4/cucumber-java-6.10.4.jar:/Users/ssiripu4/.m2/repository/io/cucumber/cucumber-core/6.10.4/cucumber-core-6.10.4.jar:/Users/ssiripu4/.m2/repository/io/cucumber/cucumber-gherkin/6.10.4/cucumber-gherkin-6.10.4.jar:/Users/ssiripu4/.m2/repository/io/cucumber/cucumber-gherkin-messages/6.10.4/cucumber-gherkin-messages-6.10.4.jar:/Users/ssiripu4/.m2/repository/io/cucumber/messages/15.0.0/messages-15.0.0.jar:/Users/ssiripu4/.m2/repository/io/cucumber/tag-expressions/3.0.1/tag-expressions-3.0.1.jar:/Users/ssiripu4/.m2/repository/io/cucumber/cucumber-expressions/10.3.0/cucumber-expressions-10.3.0.jar:/Users/ssiripu4/.m2/repository/io/cucumber/datatable/3.5.0/datatable-3.5.0.jar:/Users/ssiripu4/.m2/repository/io/cucumber/cucumber-plugin/6.10.4/cucumber-plugin-6.10.4.jar:/Users/ssiripu4/.m2/repository/io/cucumber/docstring/6.10.4/docstring-6.10.4.jar:/Users/ssiripu4/.m2/repository/io/cucumber/html-formatter/13.0.0/html-formatter-13.0.0.jar:/Users/ssiripu4/.m2/repository/io/cucumber/create-meta/4.0.0/create-meta-4.0.0.jar:/Users/ssiripu4/.m2/repository/org/apiguardian/apiguardian-api/1.1.1/apiguardian-api-1.1.1.jar:/Users/ssiripu4/.m2/repository/org/seleniumhq/selenium/selenium-java/3.141.59/selenium-java-3.141.59.jar:/Users/ssiripu4/.m2/repository/org/seleniumhq/selenium/selenium-api/3.141.59/selenium-api-3.141.59.jar:/Users/ssiripu4/.m2/repository/org/seleniumhq/selenium/selenium-chrome-driver/3.141.59/selenium-chrome-driver-3.141.59.jar:/Users/ssiripu4/.m2/repository/org/seleniumhq/selenium/selenium-edge-driver/3.141.59/selenium-edge-driver-3.141.59.jar:/Users/ssiripu4/.m2/repository/org/seleniumhq/selenium/selenium-firefox-driver/3.141.59/selenium-firefox-driver-3.141.59.jar:/Users/ssiripu4/.m2/repository/org/seleniumhq/selenium/selenium-ie-driver/3.141.59/selenium-ie-driver-3.141.59.jar:/Users/ssiripu4/.m2/repository/org/seleniumhq/selenium/selenium-opera-driver/3.141.59/selenium-opera-driver-3.141.59.jar:/Users/ssiripu4/.m2/repository/org/seleniumhq/selenium/selenium-remote-driver/3.141.59/selenium-remote-driver-3.141.59.jar:/Users/ssiripu4/.m2/repository/org/seleniumhq/selenium/selenium-safari-driver/3.141.59/selenium-safari-driver-3.141.59.jar:/Users/ssiripu4/.m2/repository/org/seleniumhq/selenium/selenium-support/3.141.59/selenium-support-3.141.59.jar:/Users/ssiripu4/.m2/repository/net/bytebuddy/byte-buddy/1.8.15/byte-buddy-1.8.15.jar:/Users/ssiripu4/.m2/repository/org/apache/commons/commons-exec/1.3/commons-exec-1.3.jar:/Users/ssiripu4/.m2/repository/com/google/guava/guava/25.0-jre/guava-25.0-jre.jar:/Users/ssiripu4/.m2/repository/com/google/code/findbugs/jsr305/1.3.9/jsr305-1.3.9.jar:/Users/ssiripu4/.m2/repository/org/checkerframework/checker-compat-qual/2.0.0/checker-compat-qual-2.0.0.jar:/Users/ssiripu4/.m2/repository/com/google/errorprone/error_prone_annotations/2.1.3/error_prone_annotations-2.1.3.jar:/Users/ssiripu4/.m2/repository/com/google/j2objc/j2objc-annotations/1.1/j2objc-annotations-1.1.jar:/Users/ssiripu4/.m2/repository/org/codehaus/mojo/animal-sniffer-annotations/1.14/animal-sniffer-annotations-1.14.jar:/Users/ssiripu4/.m2/repository/com/squareup/okhttp3/okhttp/3.11.0/okhttp-3.11.0.jar:/Users/ssiripu4/.m2/repository/com/squareup/okio/okio/1.14.0/okio-1.14.0.jar:/Users/ssiripu4/.m2/repository/org/testng/testng/7.4.0/testng-7.4.0.jar:/Users/ssiripu4/.m2/repository/com/beust/jcommander/1.78/jcommander-1.78.jar:/Users/ssiripu4/.m2/repository/org/webjars/jquery/3.5.1/jquery-3.5.1.jar:/Users/ssiripu4/.m2/repository/io/cucumber/cucumber-testng/6.10.4/cucumber-testng-6.10.4.jar:/Users/ssiripu4/.m2/repository/org/hamcrest/hamcrest/2.2/hamcrest-2.2.jar:/Users/ssiripu4/.m2/repository/io/rest-assured/rest-assured/4.4.0/rest-assured-4.4.0.jar:/Users/ssiripu4/.m2/repository/org/codehaus/groovy/groovy/3.0.8/groovy-3.0.8.jar:/Users/ssiripu4/.m2/repository/org/codehaus/groovy/groovy-xml/3.0.8/groovy-xml-3.0.8.jar:/Users/ssiripu4/.m2/repository/org/apache/httpcomponents/httpclient/4.5.13/httpclient-4.5.13.jar:/Users/ssiripu4/.m2/repository/org/apache/httpcomponents/httpcore/4.4.13/httpcore-4.4.13.jar:/Users/ssiripu4/.m2/repository/commons-logging/commons-logging/1.2/commons-logging-1.2.jar:/Users/ssiripu4/.m2/repository/commons-codec/commons-codec/1.11/commons-codec-1.11.jar:/Users/ssiripu4/.m2/repository/org/apache/httpcomponents/httpmime/4.5.13/httpmime-4.5.13.jar:/Users/ssiripu4/.m2/repository/org/ccil/cowan/tagsoup/tagsoup/1.2.1/tagsoup-1.2.1.jar:/Users/ssiripu4/.m2/repository/io/rest-assured/json-path/4.4.0/json-path-4.4.0.jar:/Users/ssiripu4/.m2/repository/org/codehaus/groovy/groovy-json/3.0.8/groovy-json-3.0.8.jar:/Users/ssiripu4/.m2/repository/io/rest-assured/rest-assured-common/4.4.0/rest-assured-common-4.4.0.jar:/Users/ssiripu4/.m2/repository/io/rest-assured/xml-path/4.4.0/xml-path-4.4.0.jar:/Users/ssiripu4/.m2/repository/org/apache/commons/commons-lang3/3.11/commons-lang3-3.11.jar:/Users/ssiripu4/.m2/repository/jakarta/xml/bind/jakarta.xml.bind-api/2.3.3/jakarta.xml.bind-api-2.3.3.jar:/Users/ssiripu4/.m2/repository/jakarta/activation/jakarta.activation-api/1.2.2/jakarta.activation-api-1.2.2.jar:/Users/ssiripu4/.m2/repository/com/sun/xml/bind/jaxb-impl/2.3.3/jaxb-impl-2.3.3.jar:"/>
    <property name="java.vm.vendor" value="AdoptOpenJDK"/>
    <property name="sun.arch.data.model" value="64"/>
    <property name="java.vendor.url" value="http://java.oracle.com/"/>
    <property name="user.timezone" value="America/New_York"/>
    <property name="java.vm.specification.version" value="1.8"/>
    <property name="os.name" value="Mac OS X"/>
    <property name="user.country" value="US"/>
    <property name="sun.java.launcher" value="SUN_STANDARD"/>
    <property name="sun.boot.library.path" value="/Library/Java/JavaVirtualMachines/adoptopenjdk-8.jdk/Contents/Home/jre/lib"/>
    <property name="sun.java.command" value="/Users/ssiripu4/Downloads/signalpathcucumber/target/surefire/surefirebooter7206636472113479269.jar /Users/ssiripu4/Downloads/signalpathcucumber/target/surefire 2021-11-17T23-39-45_741-jvmRun1 surefire8928587330816848246tmp surefire_05003974732006286259tmp"/>
    <property name="surefire.test.class.path" value="/Users/ssiripu4/Downloads/signalpathcucumber/target/test-classes:/Users/ssiripu4/Downloads/signalpathcucumber/target/classes:/Users/ssiripu4/.m2/repository/io/cucumber/cucumber-java/6.10.4/cucumber-java-6.10.4.jar:/Users/ssiripu4/.m2/repository/io/cucumber/cucumber-core/6.10.4/cucumber-core-6.10.4.jar:/Users/ssiripu4/.m2/repository/io/cucumber/cucumber-gherkin/6.10.4/cucumber-gherkin-6.10.4.jar:/Users/ssiripu4/.m2/repository/io/cucumber/cucumber-gherkin-messages/6.10.4/cucumber-gherkin-messages-6.10.4.jar:/Users/ssiripu4/.m2/repository/io/cucumber/messages/15.0.0/messages-15.0.0.jar:/Users/ssiripu4/.m2/repository/io/cucumber/tag-expressions/3.0.1/tag-expressions-3.0.1.jar:/Users/ssiripu4/.m2/repository/io/cucumber/cucumber-expressions/10.3.0/cucumber-expressions-10.3.0.jar:/Users/ssiripu4/.m2/repository/io/cucumber/datatable/3.5.0/datatable-3.5.0.jar:/Users/ssiripu4/.m2/repository/io/cucumber/cucumber-plugin/6.10.4/cucumber-plugin-6.10.4.jar:/Users/ssiripu4/.m2/repository/io/cucumber/docstring/6.10.4/docstring-6.10.4.jar:/Users/ssiripu4/.m2/repository/io/cucumber/html-formatter/13.0.0/html-formatter-13.0.0.jar:/Users/ssiripu4/.m2/repository/io/cucumber/create-meta/4.0.0/create-meta-4.0.0.jar:/Users/ssiripu4/.m2/repository/org/apiguardian/apiguardian-api/1.1.1/apiguardian-api-1.1.1.jar:/Users/ssiripu4/.m2/repository/org/seleniumhq/selenium/selenium-java/3.141.59/selenium-java-3.141.59.jar:/Users/ssiripu4/.m2/repository/org/seleniumhq/selenium/selenium-api/3.141.59/selenium-api-3.141.59.jar:/Users/ssiripu4/.m2/repository/org/seleniumhq/selenium/selenium-chrome-driver/3.141.59/selenium-chrome-driver-3.141.59.jar:/Users/ssiripu4/.m2/repository/org/seleniumhq/selenium/selenium-edge-driver/3.141.59/selenium-edge-driver-3.141.59.jar:/Users/ssiripu4/.m2/repository/org/seleniumhq/selenium/selenium-firefox-driver/3.141.59/selenium-firefox-driver-3.141.59.jar:/Users/ssiripu4/.m2/repository/org/seleniumhq/selenium/selenium-ie-driver/3.141.59/selenium-ie-driver-3.141.59.jar:/Users/ssiripu4/.m2/repository/org/seleniumhq/selenium/selenium-opera-driver/3.141.59/selenium-opera-driver-3.141.59.jar:/Users/ssiripu4/.m2/repository/org/seleniumhq/selenium/selenium-remote-driver/3.141.59/selenium-remote-driver-3.141.59.jar:/Users/ssiripu4/.m2/repository/org/seleniumhq/selenium/selenium-safari-driver/3.141.59/selenium-safari-driver-3.141.59.jar:/Users/ssiripu4/.m2/repository/org/seleniumhq/selenium/selenium-support/3.141.59/selenium-support-3.141.59.jar:/Users/ssiripu4/.m2/repository/net/bytebuddy/byte-buddy/1.8.15/byte-buddy-1.8.15.jar:/Users/ssiripu4/.m2/repository/org/apache/commons/commons-exec/1.3/commons-exec-1.3.jar:/Users/ssiripu4/.m2/repository/com/google/guava/guava/25.0-jre/guava-25.0-jre.jar:/Users/ssiripu4/.m2/repository/com/google/code/findbugs/jsr305/1.3.9/jsr305-1.3.9.jar:/Users/ssiripu4/.m2/repository/org/checkerframework/checker-compat-qual/2.0.0/checker-compat-qual-2.0.0.jar:/Users/ssiripu4/.m2/repository/com/google/errorprone/error_prone_annotations/2.1.3/error_prone_annotations-2.1.3.jar:/Users/ssiripu4/.m2/repository/com/google/j2objc/j2objc-annotations/1.1/j2objc-annotations-1.1.jar:/Users/ssiripu4/.m2/repository/org/codehaus/mojo/animal-sniffer-annotations/1.14/animal-sniffer-annotations-1.14.jar:/Users/ssiripu4/.m2/repository/com/squareup/okhttp3/okhttp/3.11.0/okhttp-3.11.0.jar:/Users/ssiripu4/.m2/repository/com/squareup/okio/okio/1.14.0/okio-1.14.0.jar:/Users/ssiripu4/.m2/repository/org/testng/testng/7.4.0/testng-7.4.0.jar:/Users/ssiripu4/.m2/repository/com/beust/jcommander/1.78/jcommander-1.78.jar:/Users/ssiripu4/.m2/repository/org/webjars/jquery/3.5.1/jquery-3.5.1.jar:/Users/ssiripu4/.m2/repository/io/cucumber/cucumber-testng/6.10.4/cucumber-testng-6.10.4.jar:/Users/ssiripu4/.m2/repository/org/hamcrest/hamcrest/2.2/hamcrest-2.2.jar:/Users/ssiripu4/.m2/repository/io/rest-assured/rest-assured/4.4.0/rest-assured-4.4.0.jar:/Users/ssiripu4/.m2/repository/org/codehaus/groovy/groovy/3.0.8/groovy-3.0.8.jar:/Users/ssiripu4/.m2/repository/org/codehaus/groovy/groovy-xml/3.0.8/groovy-xml-3.0.8.jar:/Users/ssiripu4/.m2/repository/org/apache/httpcomponents/httpclient/4.5.13/httpclient-4.5.13.jar:/Users/ssiripu4/.m2/repository/org/apache/httpcomponents/httpcore/4.4.13/httpcore-4.4.13.jar:/Users/ssiripu4/.m2/repository/commons-logging/commons-logging/1.2/commons-logging-1.2.jar:/Users/ssiripu4/.m2/repository/commons-codec/commons-codec/1.11/commons-codec-1.11.jar:/Users/ssiripu4/.m2/repository/org/apache/httpcomponents/httpmime/4.5.13/httpmime-4.5.13.jar:/Users/ssiripu4/.m2/repository/org/ccil/cowan/tagsoup/tagsoup/1.2.1/tagsoup-1.2.1.jar:/Users/ssiripu4/.m2/repository/io/rest-assured/json-path/4.4.0/json-path-4.4.0.jar:/Users/ssiripu4/.m2/repository/org/codehaus/groovy/groovy-json/3.0.8/groovy-json-3.0.8.jar:/Users/ssiripu4/.m2/repository/io/rest-assured/rest-assured-common/4.4.0/rest-assured-common-4.4.0.jar:/Users/ssiripu4/.m2/repository/io/rest-assured/xml-path/4.4.0/xml-path-4.4.0.jar:/Users/ssiripu4/.m2/repository/org/apache/commons/commons-lang3/3.11/commons-lang3-3.11.jar:/Users/ssiripu4/.m2/repository/jakarta/xml/bind/jakarta.xml.bind-api/2.3.3/jakarta.xml.bind-api-2.3.3.jar:/Users/ssiripu4/.m2/repository/jakarta/activation/jakarta.activation-api/1.2.2/jakarta.activation-api-1.2.2.jar:/Users/ssiripu4/.m2/repository/com/sun/xml/bind/jaxb-impl/2.3.3/jaxb-impl-2.3.3.jar:"/>
    <property name="sun.cpu.endian" value="little"/>
    <property name="user.home" value="/Users/ssiripu4"/>
    <property name="user.language" value="en"/>
    <property name="java.specification.vendor" value="Oracle Corporation"/>
    <property name="java.home" value="/Library/Java/JavaVirtualMachines/adoptopenjdk-8.jdk/Contents/Home/jre"/>
    <property name="basedir" value="/Users/ssiripu4/Downloads/signalpathcucumber"/>
    <property name="file.separator" value="/"/>
    <property name="line.separator" value="&#10;"/>
    <property name="java.vm.specification.vendor" value="Oracle Corporation"/>
    <property name="java.specification.name" value="Java Platform API Specification"/>
    <property name="java.awt.graphicsenv" value="sun.awt.CGraphicsEnvironment"/>
    <property name="surefire.real.class.path" value="/Users/ssiripu4/Downloads/signalpathcucumber/target/surefire/surefirebooter7206636472113479269.jar"/>
    <property name="sun.boot.class.path" value="/Library/Java/JavaVirtualMachines/adoptopenjdk-8.jdk/Contents/Home/jre/lib/resources.jar:/Library/Java/JavaVirtualMachines/adoptopenjdk-8.jdk/Contents/Home/jre/lib/rt.jar:/Library/Java/JavaVirtualMachines/adoptopenjdk-8.jdk/Contents/Home/jre/lib/sunrsasign.jar:/Library/Java/JavaVirtualMachines/adoptopenjdk-8.jdk/Contents/Home/jre/lib/jsse.jar:/Library/Java/JavaVirtualMachines/adoptopenjdk-8.jdk/Contents/Home/jre/lib/jce.jar:/Library/Java/JavaVirtualMachines/adoptopenjdk-8.jdk/Contents/Home/jre/lib/charsets.jar:/Library/Java/JavaVirtualMachines/adoptopenjdk-8.jdk/Contents/Home/jre/lib/jfr.jar:/Library/Java/JavaVirtualMachines/adoptopenjdk-8.jdk/Contents/Home/jre/classes"/>
    <property name="sun.management.compiler" value="HotSpot 64-Bit Tiered Compilers"/>
    <property name="java.runtime.version" value="1.8.0_222-b10"/>
    <property name="user.name" value="ssiripu4"/>
    <property name="path.separator" value=":"/>
    <property name="browserType" value="chrome"/>
    <property name="os.version" value="10.14.6"/>
    <property name="java.endorsed.dirs" value="/Library/Java/JavaVirtualMachines/adoptopenjdk-8.jdk/Contents/Home/jre/lib/endorsed"/>
    <property name="java.runtime.name" value="OpenJDK Runtime Environment"/>
    <property name="file.encoding" value="UTF-8"/>
    <property name="browser" value="chrome"/>
    <property name="java.vm.name" value="OpenJDK 64-Bit Server VM"/>
    <property name="localRepository" value="/Users/ssiripu4/.m2/repository"/>
    <property name="java.vendor.url.bug" value="http://bugreport.sun.com/bugreport/"/>
    <property name="java.io.tmpdir" value="/var/folders/20/bvl4cm4s2yb0m6mg6cqm86k881gfcj/T/"/>
    <property name="java.version" value="1.8.0_222"/>
    <property name="user.dir" value="/Users/ssiripu4/Downloads/signalpathcucumber"/>
    <property name="os.arch" value="x86_64"/>
    <property name="java.vm.specification.name" value="Java Virtual Machine Specification"/>
    <property name="java.awt.printerjob" value="sun.lwawt.macosx.CPrinterJob"/>
    <property name="sun.os.patch.level" value="unknown"/>
    <property name="java.library.path" value="/Users/ssiripu4/Library/Java/Extensions:/Library/Java/Extensions:/Network/Library/Java/Extensions:/System/Library/Java/Extensions:/usr/lib/java:."/>
    <property name="java.vm.info" value="mixed mode"/>
    <property name="java.vendor" value="AdoptOpenJDK"/>
    <property name="java.vm.version" value="25.222-b10"/>
    <property name="java.ext.dirs" value="/Users/ssiripu4/Library/Java/Extensions:/Library/Java/JavaVirtualMachines/adoptopenjdk-8.jdk/Contents/Home/jre/lib/ext:/Library/Java/Extensions:/Network/Library/Java/Extensions:/System/Library/Java/Extensions:/usr/lib/java"/>
    <property name="sun.io.unicode.encoding" value="UnicodeBig"/>
    <property name="java.class.version" value="52.0"/>
  </properties>
  <testcase name="runScenario[&quot;Add a ToDo&quot;, &quot;Optional[Test ToDo feature]&quot;](1)" classname="com.signalpath.runners.TestNGRunnerCls$CucumberRunnerTest" time="3.611">
    <system-out><![CDATA[[TestNGContentHandler] [WARN] It is strongly recommended to add "<!DOCTYPE suite SYSTEM "https://testng.org/testng-1.0.dtd" >" at the top of the suite file [/Users/ssiripu4/Downloads/signalpathcucumber/testng.xml] otherwise TestNG may fail or not work as expected.
]]></system-out>
    <system-err><![CDATA[Starting ChromeDriver 96.0.4664.45 (76e4c1bb2ab4671b8beba3444e61c0f17584b2fc-refs/branch-heads/4664@{#947}) on port 12522
Only local connections are allowed.
Please see https://chromedriver.chromium.org/security-considerations for suggestions on keeping ChromeDriver safe.
ChromeDriver was started successfully.
Nov 17, 2021 11:39:48 PM org.openqa.selenium.remote.ProtocolHandshake createSession
INFO: Detected dialect: W3C
]]></system-err>
  </testcase>
  <testcase name="runScenario[&quot;Coomplete a ToDo&quot;, &quot;Optional[Test ToDo feature]&quot;](2)" classname="com.signalpath.runners.TestNGRunnerCls$CucumberRunnerTest" time="2.914">
    <system-err><![CDATA[Starting ChromeDriver 96.0.4664.45 (76e4c1bb2ab4671b8beba3444e61c0f17584b2fc-refs/branch-heads/4664@{#947}) on port 25208
Only local connections are allowed.
Please see https://chromedriver.chromium.org/security-considerations for suggestions on keeping ChromeDriver safe.
ChromeDriver was started successfully.
Nov 17, 2021 11:39:51 PM org.openqa.selenium.remote.ProtocolHandshake createSession
INFO: Detected dialect: W3C
]]></system-err>
  </testcase>
  <testcase name="runScenario[&quot;Delete a ToDo&quot;, &quot;Optional[Test ToDo feature]&quot;](3)" classname="com.signalpath.runners.TestNGRunnerCls$CucumberRunnerTest" time="32.94">
    <system-err><![CDATA[Starting ChromeDriver 96.0.4664.45 (76e4c1bb2ab4671b8beba3444e61c0f17584b2fc-refs/branch-heads/4664@{#947}) on port 19710
Only local connections are allowed.
Please see https://chromedriver.chromium.org/security-considerations for suggestions on keeping ChromeDriver safe.
ChromeDriver was started successfully.
Nov 17, 2021 11:39:54 PM org.openqa.selenium.remote.ProtocolHandshake createSession
INFO: Detected dialect: W3C
]]></system-err>
  </testcase>
  <testcase name="runScenario[&quot;Test the Forecase API&quot;, &quot;Optional[API tests for the Weather Service]&quot;](4)" classname="com.signalpath.runners.TestNGRunnerCls$CucumberRunnerTest" time="1.537"/>
</testsuite>