<?xml version="1.0" encoding="UTF-8"?>
<!-- Generated by org.testng.reporters.JUnitReportReporter -->
<testsuite skipped="0" hostname="LAMU02YV57VLVCG.uhc.com." name="com.signalpath.runners.TestNGRunnerCls$CucumberRunnerTest" tests="4" failures="0" timestamp="2021-11-17T23:40:29 EST" time="41.003" errors="0">
  <testcase name="runScenario" time="3.603" classname="com.signalpath.runners.TestNGRunnerCls$CucumberRunnerTest"/>
  <system-out/>
  <testcase name="runScenario" time="2.917" classname="com.signalpath.runners.TestNGRunnerCls$CucumberRunnerTest"/>
  <system-out/>
  <testcase name="runScenario" time="1.541" classname="com.signalpath.runners.TestNGRunnerCls$CucumberRunnerTest"/>
  <system-out/>
  <testcase name="runScenario" time="32.942" classname="com.signalpath.runners.TestNGRunnerCls$CucumberRunnerTest"/>
  <system-out/>
</testsuite> <!-- com.signalpath.runners.TestNGRunnerCls$CucumberRunnerTest -->
